CRITICAL - 2024-05-04 22:09:09 --> ParseError: syntax error, unexpected token "=", expecting "]"
in APPPATH\Controllers\crud.php on line 13.
 1 SYSTEMPATH\Autoloader\Autoloader.php(290): CodeIgniter\Autoloader\Autoloader->includeFile('C:\\xampp\\htdocs\\codeEjercicio\\app\\Controllers\\crud.php')
 2 SYSTEMPATH\Autoloader\Autoloader.php(266): CodeIgniter\Autoloader\Autoloader->loadInNamespace('App\\Controllers\\crud')
 3 [internal function]: CodeIgniter\Autoloader\Autoloader->loadClass('App\\Controllers\\crud')
 4 SYSTEMPATH\CodeIgniter.php(899): class_exists('\\App\\Controllers\\crud', true)
 5 SYSTEMPATH\CodeIgniter.php(489): CodeIgniter\CodeIgniter->startController()
 6 SYSTEMPATH\CodeIgniter.php(361): CodeIgniter\CodeIgniter->handleRequest(null, Object(Config\Cache), false)
 7 FCPATH\index.php(79): CodeIgniter\CodeIgniter->run()
CRITICAL - 2024-05-04 22:09:26 --> ParseError: syntax error, unexpected token ";", expecting "]"
in APPPATH\Controllers\crud.php on line 13.
 1 SYSTEMPATH\Autoloader\Autoloader.php(290): CodeIgniter\Autoloader\Autoloader->includeFile('C:\\xampp\\htdocs\\codeEjercicio\\app\\Controllers\\crud.php')
 2 SYSTEMPATH\Autoloader\Autoloader.php(266): CodeIgniter\Autoloader\Autoloader->loadInNamespace('App\\Controllers\\crud')
 3 [internal function]: CodeIgniter\Autoloader\Autoloader->loadClass('App\\Controllers\\crud')
 4 SYSTEMPATH\CodeIgniter.php(899): class_exists('\\App\\Controllers\\crud', true)
 5 SYSTEMPATH\CodeIgniter.php(489): CodeIgniter\CodeIgniter->startController()
 6 SYSTEMPATH\CodeIgniter.php(361): CodeIgniter\CodeIgniter->handleRequest(null, Object(Config\Cache), false)
 7 FCPATH\index.php(79): CodeIgniter\CodeIgniter->run()
CRITICAL - 2024-05-04 22:35:13 --> ErrorException: Undefined variable $cueta
in APPPATH\Views\listado.php on line 34.
 1 APPPATH\Views\listado.php(34): CodeIgniter\Debug\Exceptions->errorHandler(2, 'Undefined variable $cueta', 'C:\\xampp\\htdocs\\codeEjercicio\\app\\Views\\listado.php', 34)
 2 SYSTEMPATH\View\View.php(228): include('C:\\xampp\\htdocs\\codeEjercicio\\app\\Views\\listado.php')
 3 SYSTEMPATH\View\View.php(231): CodeIgniter\View\View->CodeIgniter\View\{closure}()
 4 SYSTEMPATH\Common.php(1178): CodeIgniter\View\View->render('listado', [], true)
 5 APPPATH\Controllers\crud.php(15): view('listado', [...])
 6 SYSTEMPATH\CodeIgniter.php(941): App\Controllers\crud->index()
 7 SYSTEMPATH\CodeIgniter.php(502): CodeIgniter\CodeIgniter->runController(Object(App\Controllers\crud))
 8 SYSTEMPATH\CodeIgniter.php(361): CodeIgniter\CodeIgniter->handleRequest(null, Object(Config\Cache), false)
 9 FCPATH\index.php(79): CodeIgniter\CodeIgniter->run()
CRITICAL - 2024-05-04 22:55:35 --> ErrorException: Undefined variable $mensaje
in APPPATH\Views\listado.php on line 53.
 1 APPPATH\Views\listado.php(53): CodeIgniter\Debug\Exceptions->errorHandler(2, 'Undefined variable $mensaje', 'C:\\xampp\\htdocs\\codeEjercicio\\app\\Views\\listado.php', 53)
 2 SYSTEMPATH\View\View.php(228): include('C:\\xampp\\htdocs\\codeEjercicio\\app\\Views\\listado.php')
 3 SYSTEMPATH\View\View.php(231): CodeIgniter\View\View->CodeIgniter\View\{closure}()
 4 SYSTEMPATH\Common.php(1178): CodeIgniter\View\View->render('listado', [], true)
 5 APPPATH\Controllers\crud.php(15): view('listado', [...])
 6 SYSTEMPATH\CodeIgniter.php(941): App\Controllers\crud->index()
 7 SYSTEMPATH\CodeIgniter.php(502): CodeIgniter\CodeIgniter->runController(Object(App\Controllers\crud))
 8 SYSTEMPATH\CodeIgniter.php(361): CodeIgniter\CodeIgniter->handleRequest(null, Object(Config\Cache), false)
 9 FCPATH\index.php(79): CodeIgniter\CodeIgniter->run()
CRITICAL - 2024-05-04 22:55:39 --> ErrorException: Undefined variable $mensaje
in APPPATH\Views\listado.php on line 53.
 1 APPPATH\Views\listado.php(53): CodeIgniter\Debug\Exceptions->errorHandler(2, 'Undefined variable $mensaje', 'C:\\xampp\\htdocs\\codeEjercicio\\app\\Views\\listado.php', 53)
 2 SYSTEMPATH\View\View.php(228): include('C:\\xampp\\htdocs\\codeEjercicio\\app\\Views\\listado.php')
 3 SYSTEMPATH\View\View.php(231): CodeIgniter\View\View->CodeIgniter\View\{closure}()
 4 SYSTEMPATH\Common.php(1178): CodeIgniter\View\View->render('listado', [], true)
 5 APPPATH\Controllers\crud.php(15): view('listado', [...])
 6 SYSTEMPATH\CodeIgniter.php(941): App\Controllers\crud->index()
 7 SYSTEMPATH\CodeIgniter.php(502): CodeIgniter\CodeIgniter->runController(Object(App\Controllers\crud))
 8 SYSTEMPATH\CodeIgniter.php(361): CodeIgniter\CodeIgniter->handleRequest(null, Object(Config\Cache), false)
 9 FCPATH\index.php(79): CodeIgniter\CodeIgniter->run()
CRITICAL - 2024-05-04 22:56:03 --> ErrorException: Undefined variable $mensaje
in APPPATH\Views\listado.php on line 53.
 1 APPPATH\Views\listado.php(53): CodeIgniter\Debug\Exceptions->errorHandler(2, 'Undefined variable $mensaje', 'C:\\xampp\\htdocs\\codeEjercicio\\app\\Views\\listado.php', 53)
 2 SYSTEMPATH\View\View.php(228): include('C:\\xampp\\htdocs\\codeEjercicio\\app\\Views\\listado.php')
 3 SYSTEMPATH\View\View.php(231): CodeIgniter\View\View->CodeIgniter\View\{closure}()
 4 SYSTEMPATH\Common.php(1178): CodeIgniter\View\View->render('listado', [], true)
 5 APPPATH\Controllers\crud.php(15): view('listado', [...])
 6 SYSTEMPATH\CodeIgniter.php(941): App\Controllers\crud->index()
 7 SYSTEMPATH\CodeIgniter.php(502): CodeIgniter\CodeIgniter->runController(Object(App\Controllers\crud))
 8 SYSTEMPATH\CodeIgniter.php(361): CodeIgniter\CodeIgniter->handleRequest(null, Object(Config\Cache), false)
 9 FCPATH\index.php(79): CodeIgniter\CodeIgniter->run()
CRITICAL - 2024-05-04 22:56:14 --> ErrorException: Undefined variable $mensaje
in APPPATH\Views\listado.php on line 53.
 1 APPPATH\Views\listado.php(53): CodeIgniter\Debug\Exceptions->errorHandler(2, 'Undefined variable $mensaje', 'C:\\xampp\\htdocs\\codeEjercicio\\app\\Views\\listado.php', 53)
 2 SYSTEMPATH\View\View.php(228): include('C:\\xampp\\htdocs\\codeEjercicio\\app\\Views\\listado.php')
 3 SYSTEMPATH\View\View.php(231): CodeIgniter\View\View->CodeIgniter\View\{closure}()
 4 SYSTEMPATH\Common.php(1178): CodeIgniter\View\View->render('listado', [], true)
 5 APPPATH\Controllers\crud.php(15): view('listado', [...])
 6 SYSTEMPATH\CodeIgniter.php(941): App\Controllers\crud->index()
 7 SYSTEMPATH\CodeIgniter.php(502): CodeIgniter\CodeIgniter->runController(Object(App\Controllers\crud))
 8 SYSTEMPATH\CodeIgniter.php(361): CodeIgniter\CodeIgniter->handleRequest(null, Object(Config\Cache), false)
 9 FCPATH\index.php(79): CodeIgniter\CodeIgniter->run()
CRITICAL - 2024-05-04 23:07:21 --> ErrorException: Undefined variable $mensaje
in APPPATH\Views\listado.php on line 53.
 1 APPPATH\Views\listado.php(53): CodeIgniter\Debug\Exceptions->errorHandler(2, 'Undefined variable $mensaje', 'C:\\xampp\\htdocs\\codeEjercicio\\app\\Views\\listado.php', 53)
 2 SYSTEMPATH\View\View.php(228): include('C:\\xampp\\htdocs\\codeEjercicio\\app\\Views\\listado.php')
 3 SYSTEMPATH\View\View.php(231): CodeIgniter\View\View->CodeIgniter\View\{closure}()
 4 SYSTEMPATH\Common.php(1178): CodeIgniter\View\View->render('listado', [], true)
 5 APPPATH\Controllers\crud.php(15): view('listado', [...])
 6 SYSTEMPATH\CodeIgniter.php(941): App\Controllers\crud->index()
 7 SYSTEMPATH\CodeIgniter.php(502): CodeIgniter\CodeIgniter->runController(Object(App\Controllers\crud))
 8 SYSTEMPATH\CodeIgniter.php(361): CodeIgniter\CodeIgniter->handleRequest(null, Object(Config\Cache), false)
 9 FCPATH\index.php(79): CodeIgniter\CodeIgniter->run()
INFO - 2024-05-04 23:12:12 --> Session: Class initialized using 'CodeIgniter\Session\Handlers\FileHandler' driver.
INFO - 2024-05-04 23:20:19 --> Session: Class initialized using 'CodeIgniter\Session\Handlers\FileHandler' driver.
INFO - 2024-05-04 23:20:22 --> Session: Class initialized using 'CodeIgniter\Session\Handlers\FileHandler' driver.
INFO - 2024-05-04 23:22:10 --> Session: Class initialized using 'CodeIgniter\Session\Handlers\FileHandler' driver.
INFO - 2024-05-04 23:22:17 --> Session: Class initialized using 'CodeIgniter\Session\Handlers\FileHandler' driver.
INFO - 2024-05-04 23:24:45 --> Session: Class initialized using 'CodeIgniter\Session\Handlers\FileHandler' driver.
INFO - 2024-05-04 23:24:49 --> Session: Class initialized using 'CodeIgniter\Session\Handlers\FileHandler' driver.
INFO - 2024-05-04 23:39:34 --> Session: Class initialized using 'CodeIgniter\Session\Handlers\FileHandler' driver.
INFO - 2024-05-04 23:39:50 --> Session: Class initialized using 'CodeIgniter\Session\Handlers\FileHandler' driver.
INFO - 2024-05-04 23:41:51 --> Session: Class initialized using 'CodeIgniter\Session\Handlers\FileHandler' driver.
INFO - 2024-05-04 23:42:06 --> Session: Class initialized using 'CodeIgniter\Session\Handlers\FileHandler' driver.
CRITICAL - 2024-05-04 23:55:39 --> Error: Undefined constant "Config\flase"
in SYSTEMPATH\Config\Factories.php on line 218.
 1 SYSTEMPATH\Config\Factories.php(168): CodeIgniter\Config\Factories::createInstance('config', 'Config\\Routing', [])
 2 SYSTEMPATH\Common.php(215): CodeIgniter\Config\Factories::__callStatic('config', [])
 3 SYSTEMPATH\Config\Services.php(618): config('Config\\Routing')
 4 SYSTEMPATH\Config\BaseService.php(258): CodeIgniter\Config\Services::routes(false)
 5 SYSTEMPATH\Config\BaseService.php(199): CodeIgniter\Config\BaseService::__callStatic('routes', [...])
 6 SYSTEMPATH\Config\Services.php(615): CodeIgniter\Config\BaseService::getSharedInstance('routes')
 7 SYSTEMPATH\Config\BaseService.php(258): CodeIgniter\Config\Services::routes()
 8 APPPATH\Config\Events.php(50): CodeIgniter\Config\BaseService::__callStatic('routes', [])
 9 SYSTEMPATH\Events\Events.php(154): CodeIgniter\Events\Events::Config\{closure}()
10 SYSTEMPATH\CodeIgniter.php(442): CodeIgniter\Events\Events::trigger('pre_system')
11 SYSTEMPATH\CodeIgniter.php(361): CodeIgniter\CodeIgniter->handleRequest(null, Object(Config\Cache), false)
12 FCPATH\index.php(79): CodeIgniter\CodeIgniter->run()
INFO - 2024-05-04 23:55:51 --> Session: Class initialized using 'CodeIgniter\Session\Handlers\FileHandler' driver.
INFO - 2024-05-04 23:56:27 --> Session: Class initialized using 'CodeIgniter\Session\Handlers\FileHandler' driver.
